# JRE version: OpenJDK Runtime Environment (21.0.3) (build 21.0.3+-12418788-b509.15)
# Java VM: OpenJDK 64-Bit Server VM (21.0.3+-12418788-b509.15, mixed mode, tiered, compressed oops, compressed class ptrs, g1 gc, windows-amd64)
GC Precious Log:
 CardTable entry size: 512
 Card Set container configuration: InlinePtr #cards 5 size 8 Array Of Cards #cards 12 size 40 Howl #buckets 4 coarsen threshold 1843 Howl Bitmap #cards 512 size 80 coarsen threshold 460 Card regions per heap region 1 cards per card region 2048
 CPUs: 4 total, 4 available
 Memory: 6081M
 Large Page Support: Disabled
 NUMA Support: Disabled
 Compressed Oops: Enabled (32-bit)
 Heap Region Size: 1M
 Heap Min Capacity: 8M
 Heap Initial Capacity: 96M
 Heap Max Capacity: 1522M
 Pre-touch: Disabled
 Parallel Workers: 4
 Concurrent Workers: 1
 Concurrent Refinement Workers: 4
 Periodic GC: Disabled
Heap:
 garbage-first heap   total 51200K, used 28547K [0x00000000a0e00000, 0x0000000100000000)
  region size 1024K, 1 young (1024K), 1 survivors (1024K)
 Metaspace       used 47253K, committed 48000K, reserved 1114112K
  class space    used 5604K, committed 5952K, reserved 1048576K
GC Heap History (20 events):
Event: 1.770 GC heap after
{Heap after GC invocations=2 (full 0):
 garbage-first heap   total 98304K, used 7662K [0x00000000a0e00000, 0x0000000100000000)
  region size 1024K, 2 young (2048K), 2 survivors (2048K)
 Metaspace       used 18090K, committed 18304K, reserved 1114112K
  class space    used 1830K, committed 1920K, reserved 1048576K
}
Event: 2.171 GC heap before
{Heap before GC invocations=2 (full 0):
 garbage-first heap   total 98304K, used 16878K [0x00000000a0e00000, 0x0000000100000000)
  region size 1024K, 12 young (12288K), 2 survivors (2048K)
 Metaspace       used 21307K, committed 21504K, reserved 1114112K
  class space    used 2241K, committed 2368K, reserved 1048576K
}
Event: 2.175 GC heap after
{Heap after GC invocations=3 (full 0):
 garbage-first heap   total 98304K, used 7992K [0x00000000a0e00000, 0x0000000100000000)
  region size 1024K, 2 young (2048K), 2 survivors (2048K)
 Metaspace       used 21307K, committed 21504K, reserved 1114112K
  class space    used 2241K, committed 2368K, reserved 1048576K
}
Event: 2.703 GC heap before
{Heap before GC invocations=4 (full 0):
 garbage-first heap   total 34816K, used 33592K [0x00000000a0e00000, 0x0000000100000000)
  region size 1024K, 25 young (25600K), 2 survivors (2048K)
 Metaspace       used 24222K, committed 24448K, reserved 1114112K
  class space    used 2847K, committed 2944K, reserved 1048576K
}
Event: 2.718 GC heap after
{Heap after GC invocations=5 (full 0):
 garbage-first heap   total 41984K, used 15128K [0x00000000a0e00000, 0x0000000100000000)
  region size 1024K, 7 young (7168K), 7 survivors (7168K)
 Metaspace       used 24222K, committed 24448K, reserved 1114112K
  class space    used 2847K, committed 2944K, reserved 1048576K
}
Event: 3.047 GC heap before
{Heap before GC invocations=5 (full 0):
 garbage-first heap   total 41984K, used 30488K [0x00000000a0e00000, 0x0000000100000000)
  region size 1024K, 22 young (22528K), 7 survivors (7168K)
 Metaspace       used 28065K, committed 28288K, reserved 1114112K
  class space    used 3478K, committed 3584K, reserved 1048576K
}
Event: 3.061 GC heap after
{Heap after GC invocations=6 (full 0):
 garbage-first heap   total 41984K, used 17095K [0x00000000a0e00000, 0x0000000100000000)
  region size 1024K, 2 young (2048K), 2 survivors (2048K)
 Metaspace       used 28065K, committed 28288K, reserved 1114112K
  class space    used 3478K, committed 3584K, reserved 1048576K
}
Event: 3.677 GC heap before
{Heap before GC invocations=6 (full 0):
 garbage-first heap   total 41984K, used 32455K [0x00000000a0e00000, 0x0000000100000000)
  region size 1024K, 18 young (18432K), 2 survivors (2048K)
 Metaspace       used 31381K, committed 31616K, reserved 1114112K
  class space    used 3832K, committed 3904K, reserved 1048576K
}
Event: 3.685 GC heap after
{Heap after GC invocations=7 (full 0):
 garbage-first heap   total 41984K, used 17958K [0x00000000a0e00000, 0x0000000100000000)
  region size 1024K, 3 young (3072K), 3 survivors (3072K)
 Metaspace       used 31381K, committed 31616K, reserved 1114112K
  class space    used 3832K, committed 3904K, reserved 1048576K
}
Event: 3.927 GC heap before
{Heap before GC invocations=7 (full 0):
 garbage-first heap   total 41984K, used 32294K [0x00000000a0e00000, 0x0000000100000000)
  region size 1024K, 18 young (18432K), 3 survivors (3072K)
 Metaspace       used 34640K, committed 34880K, reserved 1114112K
  class space    used 4112K, committed 4224K, reserved 1048576K
}
Event: 3.935 GC heap after
{Heap after GC invocations=8 (full 0):
 garbage-first heap   total 51200K, used 19647K [0x00000000a0e00000, 0x0000000100000000)
  region size 1024K, 2 young (2048K), 2 survivors (2048K)
 Metaspace       used 34640K, committed 34880K, reserved 1114112K
  class space    used 4112K, committed 4224K, reserved 1048576K
}
Event: 4.010 GC heap before
{Heap before GC invocations=8 (full 0):
 garbage-first heap   total 51200K, used 22719K [0x00000000a0e00000, 0x0000000100000000)
  region size 1024K, 7 young (7168K), 2 survivors (2048K)
 Metaspace       used 35718K, committed 35968K, reserved 1114112K
  class space    used 4183K, committed 4288K, reserved 1048576K
}
Event: 4.015 GC heap after
{Heap after GC invocations=9 (full 0):
 garbage-first heap   total 51200K, used 20397K [0x00000000a0e00000, 0x0000000100000000)
  region size 1024K, 1 young (1024K), 1 survivors (1024K)
 Metaspace       used 35718K, committed 35968K, reserved 1114112K
  class space    used 4183K, committed 4288K, reserved 1048576K
}
Event: 4.450 GC heap before
{Heap before GC invocations=10 (full 0):
 garbage-first heap   total 51200K, used 41901K [0x00000000a0e00000, 0x0000000100000000)
  region size 1024K, 22 young (22528K), 1 survivors (1024K)
 Metaspace       used 38697K, committed 39360K, reserved 1114112K
  class space    used 4660K, committed 4992K, reserved 1048576K
}
Event: 4.456 GC heap after
{Heap after GC invocations=11 (full 0):
 garbage-first heap   total 51200K, used 21911K [0x00000000a0e00000, 0x0000000100000000)
  region size 1024K, 3 young (3072K), 3 survivors (3072K)
 Metaspace       used 38697K, committed 39360K, reserved 1114112K
  class space    used 4660K, committed 4992K, reserved 1048576K
}
Event: 5.336 GC heap before
{Heap before GC invocations=11 (full 0):
 garbage-first heap   total 51200K, used 42391K [0x00000000a0e00000, 0x0000000100000000)
  region size 1024K, 23 young (23552K), 3 survivors (3072K)
 Metaspace       used 44281K, committed 44992K, reserved 1114112K
  class space    used 5285K, committed 5632K, reserved 1048576K
}
Event: 5.352 GC heap after
{Heap after GC invocations=12 (full 0):
 garbage-first heap   total 51200K, used 23961K [0x00000000a0e00000, 0x0000000100000000)
  region size 1024K, 3 young (3072K), 3 survivors (3072K)
 Metaspace       used 44281K, committed 44992K, reserved 1114112K
  class space    used 5285K, committed 5632K, reserved 1048576K
}
Event: 5.929 GC heap before
{Heap before GC invocations=12 (full 0):
 garbage-first heap   total 51200K, used 43417K [0x00000000a0e00000, 0x0000000100000000)
  region size 1024K, 22 young (22528K), 3 survivors (3072K)
 Metaspace       used 47153K, committed 47936K, reserved 1114112K
  class space    used 5589K, committed 5952K, reserved 1048576K
}
Event: 5.946 GC heap after
{Heap after GC invocations=13 (full 0):
 garbage-first heap   total 51200K, used 27634K [0x00000000a0e00000, 0x0000000100000000)
  region size 1024K, 3 young (3072K), 3 survivors (3072K)
 Metaspace       used 47153K, committed 47936K, reserved 1114112K
  class space    used 5589K, committed 5952K, reserved 1048576K
}
Event: 5.975 GC heap before
{Heap before GC invocations=13 (full 0):
 garbage-first heap   total 51200K, used 27634K [0x00000000a0e00000, 0x0000000100000000)
  region size 1024K, 4 young (4096K), 3 survivors (3072K)
 Metaspace       used 47253K, committed 48000K, reserved 1114112K
  class space    used 5604K, committed 5952K, reserved 1048576K
}

